2017-03-18 19:54:11,361 main INFO  support.ClassPathXmlApplicationContext - Refreshing org.springframework.context.support.ClassPathXmlApplicationContext@5fdef03a: startup date [Sat Mar 18 19:54:11 GMT 2017]; root of context hierarchy
2017-03-18 19:54:11,448 main INFO  xml.XmlBeanDefinitionReader - Loading XML bean definitions from class path resource [application-context.xml]
2017-03-18 19:54:12,873 main INFO  jpa.LocalContainerEntityManagerFactoryBean - Building JPA container EntityManagerFactory for persistence unit 'JpaDB'
2017-03-18 19:54:12,877 main WARN  ejb.HibernatePersistence - HHH015016: Encountered a deprecated javax.persistence.spi.PersistenceProvider [org.hibernate.ejb.HibernatePersistence]; use [org.hibernate.jpa.HibernatePersistenceProvider] instead.
2017-03-18 19:54:12,877 main WARN  ejb.HibernatePersistence - HHH015016: Encountered a deprecated javax.persistence.spi.PersistenceProvider [org.hibernate.ejb.HibernatePersistence]; use [org.hibernate.jpa.HibernatePersistenceProvider] instead.
2017-03-18 19:54:13,021 main DEBUG util.LogHelper - PersistenceUnitInfo [
	name: JpaDB
	persistence provider classname: org.hibernate.ejb.HibernatePersistence
	classloader: sun.misc.Launcher$AppClassLoader@73d16e93
	excludeUnlistedClasses: false
	JTA datasource: null
	Non JTA datasource: null
	Transaction type: RESOURCE_LOCAL
	PU root URL: file:/C:/Users/awsiri/WorkspaceIIA/JpaProject/bin
	Shared Cache Mode: UNSPECIFIED
	Validation Mode: AUTO
	Jar files URLs []
	Managed classes names []
	Mapping files names []
	Properties [
		javax.persistence.jdbc.user: root
		hibernate.format.sql: true
		hibernate.dialect: org.hibernate.dialect.MySQLDialect
		javax.persistence.jdbc.url: jdbc:mysql://localhost:3306/JpaDb
		javax.persistence.jdbc.driver: com.mysql.jdbc.Driver
		hibernate.hbm2ddl.auto: update
		hibernate.archive.autodetection: class
		hibernate.show_sql: true
		javax.persistence.jdbc.password: ]
2017-03-18 19:54:13,021 main DEBUG util.LogHelper - PersistenceUnitInfo [
	name: JpaDB
	persistence provider classname: org.hibernate.ejb.HibernatePersistence
	classloader: sun.misc.Launcher$AppClassLoader@73d16e93
	excludeUnlistedClasses: false
	JTA datasource: null
	Non JTA datasource: null
	Transaction type: RESOURCE_LOCAL
	PU root URL: file:/C:/Users/awsiri/WorkspaceIIA/JpaProject/bin
	Shared Cache Mode: UNSPECIFIED
	Validation Mode: AUTO
	Jar files URLs []
	Managed classes names []
	Mapping files names []
	Properties [
		javax.persistence.jdbc.user: root
		hibernate.format.sql: true
		hibernate.dialect: org.hibernate.dialect.MySQLDialect
		javax.persistence.jdbc.url: jdbc:mysql://localhost:3306/JpaDb
		javax.persistence.jdbc.driver: com.mysql.jdbc.Driver
		hibernate.hbm2ddl.auto: update
		hibernate.archive.autodetection: class
		hibernate.show_sql: true
		javax.persistence.jdbc.password: ]
2017-03-18 19:54:13,196 main DEBUG internal.IntegratorServiceImpl - Adding Integrator [org.hibernate.cfg.beanvalidation.BeanValidationIntegrator].
2017-03-18 19:54:13,196 main DEBUG internal.IntegratorServiceImpl - Adding Integrator [org.hibernate.cfg.beanvalidation.BeanValidationIntegrator].
2017-03-18 19:54:13,201 main DEBUG internal.IntegratorServiceImpl - Adding Integrator [org.hibernate.secure.spi.JaccIntegrator].
2017-03-18 19:54:13,201 main DEBUG internal.IntegratorServiceImpl - Adding Integrator [org.hibernate.secure.spi.JaccIntegrator].
2017-03-18 19:54:13,227 main DEBUG internal.IntegratorServiceImpl - Adding Integrator [org.hibernate.cache.internal.CollectionCacheInvalidator].
2017-03-18 19:54:13,227 main DEBUG internal.IntegratorServiceImpl - Adding Integrator [org.hibernate.cache.internal.CollectionCacheInvalidator].
2017-03-18 19:54:13,227 main DEBUG internal.IntegratorServiceImpl - Adding Integrator [org.hibernate.jpa.event.spi.JpaIntegrator].
2017-03-18 19:54:13,227 main DEBUG internal.IntegratorServiceImpl - Adding Integrator [org.hibernate.jpa.event.spi.JpaIntegrator].
2017-03-18 19:54:13,652 main INFO  hibernate.Version - HHH000412: Hibernate Core {5.1.0.Final}
2017-03-18 19:54:13,652 main INFO  hibernate.Version - HHH000412: Hibernate Core {5.1.0.Final}
2017-03-18 19:54:13,654 main INFO  cfg.Environment - HHH000206: hibernate.properties not found
2017-03-18 19:54:13,654 main INFO  cfg.Environment - HHH000206: hibernate.properties not found
2017-03-18 19:54:13,655 main INFO  cfg.Environment - HHH000021: Bytecode provider name : javassist
2017-03-18 19:54:13,655 main INFO  cfg.Environment - HHH000021: Bytecode provider name : javassist
2017-03-18 19:54:13,700 main DEBUG spi.ServiceBinding - Overriding existing service binding [org.hibernate.secure.spi.JaccService]
2017-03-18 19:54:13,700 main DEBUG spi.ServiceBinding - Overriding existing service binding [org.hibernate.secure.spi.JaccService]
2017-03-18 19:54:14,756 main DEBUG internal.RegionFactoryInitiator - Cache region factory : org.hibernate.cache.internal.NoCachingRegionFactory
2017-03-18 19:54:14,756 main DEBUG internal.RegionFactoryInitiator - Cache region factory : org.hibernate.cache.internal.NoCachingRegionFactory
2017-03-18 19:54:14,791 main INFO  common.Version - HCANN000001: Hibernate Commons Annotations {5.0.1.Final}
2017-03-18 19:54:14,791 main INFO  common.Version - HCANN000001: Hibernate Commons Annotations {5.0.1.Final}
2017-03-18 19:54:14,957 main DEBUG type.BasicTypeRegistry - Adding type registration boolean -> org.hibernate.type.BooleanType@6f3187b0
2017-03-18 19:54:14,957 main DEBUG type.BasicTypeRegistry - Adding type registration boolean -> org.hibernate.type.BooleanType@6f3187b0
2017-03-18 19:54:14,957 main DEBUG type.BasicTypeRegistry - Adding type registration boolean -> org.hibernate.type.BooleanType@6f3187b0
2017-03-18 19:54:14,957 main DEBUG type.BasicTypeRegistry - Adding type registration boolean -> org.hibernate.type.BooleanType@6f3187b0
2017-03-18 19:54:14,957 main DEBUG type.BasicTypeRegistry - Adding type registration java.lang.Boolean -> org.hibernate.type.BooleanType@6f3187b0
2017-03-18 19:54:14,957 main DEBUG type.BasicTypeRegistry - Adding type registration java.lang.Boolean -> org.hibernate.type.BooleanType@6f3187b0
2017-03-18 19:54:14,959 main DEBUG type.BasicTypeRegistry - Adding type registration numeric_boolean -> org.hibernate.type.NumericBooleanType@42e25b0b
2017-03-18 19:54:14,959 main DEBUG type.BasicTypeRegistry - Adding type registration numeric_boolean -> org.hibernate.type.NumericBooleanType@42e25b0b
2017-03-18 19:54:14,962 main DEBUG type.BasicTypeRegistry - Adding type registration true_false -> org.hibernate.type.TrueFalseType@51a9ad5e
2017-03-18 19:54:14,962 main DEBUG type.BasicTypeRegistry - Adding type registration true_false -> org.hibernate.type.TrueFalseType@51a9ad5e
2017-03-18 19:54:14,963 main DEBUG type.BasicTypeRegistry - Adding type registration yes_no -> org.hibernate.type.YesNoType@239105a8
2017-03-18 19:54:14,963 main DEBUG type.BasicTypeRegistry - Adding type registration yes_no -> org.hibernate.type.YesNoType@239105a8
2017-03-18 19:54:14,966 main DEBUG type.BasicTypeRegistry - Adding type registration byte -> org.hibernate.type.ByteType@7b993c65
2017-03-18 19:54:14,966 main DEBUG type.BasicTypeRegistry - Adding type registration byte -> org.hibernate.type.ByteType@7b993c65
2017-03-18 19:54:14,966 main DEBUG type.BasicTypeRegistry - Adding type registration byte -> org.hibernate.type.ByteType@7b993c65
2017-03-18 19:54:14,966 main DEBUG type.BasicTypeRegistry - Adding type registration byte -> org.hibernate.type.ByteType@7b993c65
2017-03-18 19:54:14,967 main DEBUG type.BasicTypeRegistry - Adding type registration java.lang.Byte -> org.hibernate.type.ByteType@7b993c65
2017-03-18 19:54:14,967 main DEBUG type.BasicTypeRegistry - Adding type registration java.lang.Byte -> org.hibernate.type.ByteType@7b993c65
2017-03-18 19:54:14,970 main DEBUG type.BasicTypeRegistry - Adding type registration character -> org.hibernate.type.CharacterType@407a7f2a
2017-03-18 19:54:14,970 main DEBUG type.BasicTypeRegistry - Adding type registration character -> org.hibernate.type.CharacterType@407a7f2a
2017-03-18 19:54:14,971 main DEBUG type.BasicTypeRegistry - Adding type registration char -> org.hibernate.type.CharacterType@407a7f2a
2017-03-18 19:54:14,971 main DEBUG type.BasicTypeRegistry - Adding type registration char -> org.hibernate.type.CharacterType@407a7f2a
2017-03-18 19:54:14,971 main DEBUG type.BasicTypeRegistry - Adding type registration java.lang.Character -> org.hibernate.type.CharacterType@407a7f2a
2017-03-18 19:54:14,971 main DEBUG type.BasicTypeRegistry - Adding type registration java.lang.Character -> org.hibernate.type.CharacterType@407a7f2a
2017-03-18 19:54:14,988 main DEBUG type.BasicTypeRegistry - Adding type registration short -> org.hibernate.type.ShortType@5f0fd5a0
2017-03-18 19:54:14,988 main DEBUG type.BasicTypeRegistry - Adding type registration short -> org.hibernate.type.ShortType@5f0fd5a0
2017-03-18 19:54:14,989 main DEBUG type.BasicTypeRegistry - Adding type registration short -> org.hibernate.type.ShortType@5f0fd5a0
2017-03-18 19:54:14,989 main DEBUG type.BasicTypeRegistry - Adding type registration short -> org.hibernate.type.ShortType@5f0fd5a0
2017-03-18 19:54:14,989 main DEBUG type.BasicTypeRegistry - Adding type registration java.lang.Short -> org.hibernate.type.ShortType@5f0fd5a0
2017-03-18 19:54:14,989 main DEBUG type.BasicTypeRegistry - Adding type registration java.lang.Short -> org.hibernate.type.ShortType@5f0fd5a0
2017-03-18 19:54:14,991 main DEBUG type.BasicTypeRegistry - Adding type registration integer -> org.hibernate.type.IntegerType@3116c353
2017-03-18 19:54:14,991 main DEBUG type.BasicTypeRegistry - Adding type registration integer -> org.hibernate.type.IntegerType@3116c353
2017-03-18 19:54:14,991 main DEBUG type.BasicTypeRegistry - Adding type registration int -> org.hibernate.type.IntegerType@3116c353
2017-03-18 19:54:14,991 main DEBUG type.BasicTypeRegistry - Adding type registration int -> org.hibernate.type.IntegerType@3116c353
2017-03-18 19:54:14,991 main DEBUG type.BasicTypeRegistry - Adding type registration java.lang.Integer -> org.hibernate.type.IntegerType@3116c353
2017-03-18 19:54:14,991 main DEBUG type.BasicTypeRegistry - Adding type registration java.lang.Integer -> org.hibernate.type.IntegerType@3116c353
2017-03-18 19:54:14,994 main DEBUG type.BasicTypeRegistry - Adding type registration long -> org.hibernate.type.LongType@3e44f2a5
2017-03-18 19:54:14,994 main DEBUG type.BasicTypeRegistry - Adding type registration long -> org.hibernate.type.LongType@3e44f2a5
2017-03-18 19:54:14,994 main DEBUG type.BasicTypeRegistry - Adding type registration long -> org.hibernate.type.LongType@3e44f2a5
2017-03-18 19:54:14,994 main DEBUG type.BasicTypeRegistry - Adding type registration long -> org.hibernate.type.LongType@3e44f2a5
2017-03-18 19:54:14,994 main DEBUG type.BasicTypeRegistry - Adding type registration java.lang.Long -> org.hibernate.type.LongType@3e44f2a5
2017-03-18 19:54:14,994 main DEBUG type.BasicTypeRegistry - Adding type registration java.lang.Long -> org.hibernate.type.LongType@3e44f2a5
2017-03-18 19:54:14,997 main DEBUG type.BasicTypeRegistry - Adding type registration float -> org.hibernate.type.FloatType@651aed93
2017-03-18 19:54:14,997 main DEBUG type.BasicTypeRegistry - Adding type registration float -> org.hibernate.type.FloatType@651aed93
2017-03-18 19:54:14,997 main DEBUG type.BasicTypeRegistry - Adding type registration float -> org.hibernate.type.FloatType@651aed93
2017-03-18 19:54:14,997 main DEBUG type.BasicTypeRegistry - Adding type registration float -> org.hibernate.type.FloatType@651aed93
2017-03-18 19:54:14,997 main DEBUG type.BasicTypeRegistry - Adding type registration java.lang.Float -> org.hibernate.type.FloatType@651aed93
2017-03-18 19:54:14,997 main DEBUG type.BasicTypeRegistry - Adding type registration java.lang.Float -> org.hibernate.type.FloatType@651aed93
2017-03-18 19:54:14,999 main DEBUG type.BasicTypeRegistry - Adding type registration double -> org.hibernate.type.DoubleType@39d76cb5
2017-03-18 19:54:14,999 main DEBUG type.BasicTypeRegistry - Adding type registration double -> org.hibernate.type.DoubleType@39d76cb5
2017-03-18 19:54:14,999 main DEBUG type.BasicTypeRegistry - Adding type registration double -> org.hibernate.type.DoubleType@39d76cb5
2017-03-18 19:54:14,999 main DEBUG type.BasicTypeRegistry - Adding type registration double -> org.hibernate.type.DoubleType@39d76cb5
2017-03-18 19:54:14,999 main DEBUG type.BasicTypeRegistry - Adding type registration java.lang.Double -> org.hibernate.type.DoubleType@39d76cb5
2017-03-18 19:54:14,999 main DEBUG type.BasicTypeRegistry - Adding type registration java.lang.Double -> org.hibernate.type.DoubleType@39d76cb5
2017-03-18 19:54:15,002 main DEBUG type.BasicTypeRegistry - Adding type registration big_decimal -> org.hibernate.type.BigDecimalType@4bd31064
2017-03-18 19:54:15,002 main DEBUG type.BasicTypeRegistry - Adding type registration big_decimal -> org.hibernate.type.BigDecimalType@4bd31064
2017-03-18 19:54:15,003 main DEBUG type.BasicTypeRegistry - Adding type registration java.math.BigDecimal -> org.hibernate.type.BigDecimalType@4bd31064
2017-03-18 19:54:15,003 main DEBUG type.BasicTypeRegistry - Adding type registration java.math.BigDecimal -> org.hibernate.type.BigDecimalType@4bd31064
2017-03-18 19:54:15,005 main DEBUG type.BasicTypeRegistry - Adding type registration big_integer -> org.hibernate.type.BigIntegerType@4ef782af
2017-03-18 19:54:15,005 main DEBUG type.BasicTypeRegistry - Adding type registration big_integer -> org.hibernate.type.BigIntegerType@4ef782af
2017-03-18 19:54:15,005 main DEBUG type.BasicTypeRegistry - Adding type registration java.math.BigInteger -> org.hibernate.type.BigIntegerType@4ef782af
2017-03-18 19:54:15,005 main DEBUG type.BasicTypeRegistry - Adding type registration java.math.BigInteger -> org.hibernate.type.BigIntegerType@4ef782af
2017-03-18 19:54:15,006 main DEBUG type.BasicTypeRegistry - Adding type registration string -> org.hibernate.type.StringType@7f8a9499
2017-03-18 19:54:15,006 main DEBUG type.BasicTypeRegistry - Adding type registration string -> org.hibernate.type.StringType@7f8a9499
2017-03-18 19:54:15,006 main DEBUG type.BasicTypeRegistry - Adding type registration java.lang.String -> org.hibernate.type.StringType@7f8a9499
2017-03-18 19:54:15,006 main DEBUG type.BasicTypeRegistry - Adding type registration java.lang.String -> org.hibernate.type.StringType@7f8a9499
2017-03-18 19:54:15,007 main DEBUG type.BasicTypeRegistry - Adding type registration nstring -> org.hibernate.type.StringNVarcharType@420a85c4
2017-03-18 19:54:15,007 main DEBUG type.BasicTypeRegistry - Adding type registration nstring -> org.hibernate.type.StringNVarcharType@420a85c4
2017-03-18 19:54:15,008 main DEBUG type.BasicTypeRegistry - Adding type registration ncharacter -> org.hibernate.type.CharacterNCharType@5d99c6b5
2017-03-18 19:54:15,008 main DEBUG type.BasicTypeRegistry - Adding type registration ncharacter -> org.hibernate.type.CharacterNCharType@5d99c6b5
2017-03-18 19:54:15,009 main DEBUG type.BasicTypeRegistry - Adding type registration url -> org.hibernate.type.UrlType@a82c5f1
2017-03-18 19:54:15,009 main DEBUG type.BasicTypeRegistry - Adding type registration url -> org.hibernate.type.UrlType@a82c5f1
2017-03-18 19:54:15,009 main DEBUG type.BasicTypeRegistry - Adding type registration java.net.URL -> org.hibernate.type.UrlType@a82c5f1
2017-03-18 19:54:15,009 main DEBUG type.BasicTypeRegistry - Adding type registration java.net.URL -> org.hibernate.type.UrlType@a82c5f1
2017-03-18 19:54:15,012 main DEBUG type.BasicTypeRegistry - Adding type registration date -> org.hibernate.type.DateType@48c76607
2017-03-18 19:54:15,012 main DEBUG type.BasicTypeRegistry - Adding type registration date -> org.hibernate.type.DateType@48c76607
2017-03-18 19:54:15,012 main DEBUG type.BasicTypeRegistry - Adding type registration java.sql.Date -> org.hibernate.type.DateType@48c76607
2017-03-18 19:54:15,012 main DEBUG type.BasicTypeRegistry - Adding type registration java.sql.Date -> org.hibernate.type.DateType@48c76607
2017-03-18 19:54:15,013 main DEBUG type.BasicTypeRegistry - Adding type registration time -> org.hibernate.type.TimeType@55c53a33
2017-03-18 19:54:15,013 main DEBUG type.BasicTypeRegistry - Adding type registration time -> org.hibernate.type.TimeType@55c53a33
2017-03-18 19:54:15,014 main DEBUG type.BasicTypeRegistry - Adding type registration java.sql.Time -> org.hibernate.type.TimeType@55c53a33
2017-03-18 19:54:15,014 main DEBUG type.BasicTypeRegistry - Adding type registration java.sql.Time -> org.hibernate.type.TimeType@55c53a33
2017-03-18 19:54:15,015 main DEBUG type.BasicTypeRegistry - Adding type registration timestamp -> org.hibernate.type.TimestampType@f14a7d4
2017-03-18 19:54:15,015 main DEBUG type.BasicTypeRegistry - Adding type registration timestamp -> org.hibernate.type.TimestampType@f14a7d4
2017-03-18 19:54:15,016 main DEBUG type.BasicTypeRegistry - Adding type registration java.sql.Timestamp -> org.hibernate.type.TimestampType@f14a7d4
2017-03-18 19:54:15,016 main DEBUG type.BasicTypeRegistry - Adding type registration java.sql.Timestamp -> org.hibernate.type.TimestampType@f14a7d4
2017-03-18 19:54:15,016 main DEBUG type.BasicTypeRegistry - Adding type registration java.util.Date -> org.hibernate.type.TimestampType@f14a7d4
2017-03-18 19:54:15,016 main DEBUG type.BasicTypeRegistry - Adding type registration java.util.Date -> org.hibernate.type.TimestampType@f14a7d4
2017-03-18 19:54:15,018 main DEBUG type.BasicTypeRegistry - Adding type registration dbtimestamp -> org.hibernate.type.DbTimestampType@79c97cb
2017-03-18 19:54:15,018 main DEBUG type.BasicTypeRegistry - Adding type registration dbtimestamp -> org.hibernate.type.DbTimestampType@79c97cb
2017-03-18 19:54:15,020 main DEBUG type.BasicTypeRegistry - Adding type registration calendar -> org.hibernate.type.CalendarType@6f6745d6
2017-03-18 19:54:15,020 main DEBUG type.BasicTypeRegistry - Adding type registration calendar -> org.hibernate.type.CalendarType@6f6745d6
2017-03-18 19:54:15,020 main DEBUG type.BasicTypeRegistry - Adding type registration java.util.Calendar -> org.hibernate.type.CalendarType@6f6745d6
2017-03-18 19:54:15,020 main DEBUG type.BasicTypeRegistry - Adding type registration java.util.Calendar -> org.hibernate.type.CalendarType@6f6745d6
2017-03-18 19:54:15,020 main DEBUG type.BasicTypeRegistry - Adding type registration java.util.GregorianCalendar -> org.hibernate.type.CalendarType@6f6745d6
2017-03-18 19:54:15,020 main DEBUG type.BasicTypeRegistry - Adding type registration java.util.GregorianCalendar -> org.hibernate.type.CalendarType@6f6745d6
2017-03-18 19:54:15,022 main DEBUG type.BasicTypeRegistry - Adding type registration calendar_date -> org.hibernate.type.CalendarDateType@4b5189ac
2017-03-18 19:54:15,022 main DEBUG type.BasicTypeRegistry - Adding type registration calendar_date -> org.hibernate.type.CalendarDateType@4b5189ac
2017-03-18 19:54:15,023 main DEBUG type.BasicTypeRegistry - Adding type registration locale -> org.hibernate.type.LocaleType@404bbcbd
2017-03-18 19:54:15,023 main DEBUG type.BasicTypeRegistry - Adding type registration locale -> org.hibernate.type.LocaleType@404bbcbd
2017-03-18 19:54:15,023 main DEBUG type.BasicTypeRegistry - Adding type registration java.util.Locale -> org.hibernate.type.LocaleType@404bbcbd
2017-03-18 19:54:15,023 main DEBUG type.BasicTypeRegistry - Adding type registration java.util.Locale -> org.hibernate.type.LocaleType@404bbcbd
2017-03-18 19:54:15,025 main DEBUG type.BasicTypeRegistry - Adding type registration currency -> org.hibernate.type.CurrencyType@a307a8c
2017-03-18 19:54:15,025 main DEBUG type.BasicTypeRegistry - Adding type registration currency -> org.hibernate.type.CurrencyType@a307a8c
2017-03-18 19:54:15,025 main DEBUG type.BasicTypeRegistry - Adding type registration java.util.Currency -> org.hibernate.type.CurrencyType@a307a8c
2017-03-18 19:54:15,025 main DEBUG type.BasicTypeRegistry - Adding type registration java.util.Currency -> org.hibernate.type.CurrencyType@a307a8c
2017-03-18 19:54:15,026 main DEBUG type.BasicTypeRegistry - Adding type registration timezone -> org.hibernate.type.TimeZoneType@421e361
2017-03-18 19:54:15,026 main DEBUG type.BasicTypeRegistry - Adding type registration timezone -> org.hibernate.type.TimeZoneType@421e361
2017-03-18 19:54:15,026 main DEBUG type.BasicTypeRegistry - Adding type registration java.util.TimeZone -> org.hibernate.type.TimeZoneType@421e361
2017-03-18 19:54:15,026 main DEBUG type.BasicTypeRegistry - Adding type registration java.util.TimeZone -> org.hibernate.type.TimeZoneType@421e361
2017-03-18 19:54:15,027 main DEBUG type.BasicTypeRegistry - Adding type registration class -> org.hibernate.type.ClassType@4b34fff9
2017-03-18 19:54:15,027 main DEBUG type.BasicTypeRegistry - Adding type registration class -> org.hibernate.type.ClassType@4b34fff9
2017-03-18 19:54:15,027 main DEBUG type.BasicTypeRegistry - Adding type registration java.lang.Class -> org.hibernate.type.ClassType@4b34fff9
2017-03-18 19:54:15,027 main DEBUG type.BasicTypeRegistry - Adding type registration java.lang.Class -> org.hibernate.type.ClassType@4b34fff9
2017-03-18 19:54:15,029 main DEBUG type.BasicTypeRegistry - Adding type registration uuid-binary -> org.hibernate.type.UUIDBinaryType@135606db
2017-03-18 19:54:15,029 main DEBUG type.BasicTypeRegistry - Adding type registration uuid-binary -> org.hibernate.type.UUIDBinaryType@135606db
2017-03-18 19:54:15,029 main DEBUG type.BasicTypeRegistry - Adding type registration java.util.UUID -> org.hibernate.type.UUIDBinaryType@135606db
2017-03-18 19:54:15,029 main DEBUG type.BasicTypeRegistry - Adding type registration java.util.UUID -> org.hibernate.type.UUIDBinaryType@135606db
2017-03-18 19:54:15,030 main DEBUG type.BasicTypeRegistry - Adding type registration uuid-char -> org.hibernate.type.UUIDCharType@4f74980d
2017-03-18 19:54:15,030 main DEBUG type.BasicTypeRegistry - Adding type registration uuid-char -> org.hibernate.type.UUIDCharType@4f74980d
2017-03-18 19:54:15,031 main DEBUG type.BasicTypeRegistry - Adding type registration binary -> org.hibernate.type.BinaryType@14fa86ae
2017-03-18 19:54:15,031 main DEBUG type.BasicTypeRegistry - Adding type registration binary -> org.hibernate.type.BinaryType@14fa86ae
2017-03-18 19:54:15,032 main DEBUG type.BasicTypeRegistry - Adding type registration byte[] -> org.hibernate.type.BinaryType@14fa86ae
2017-03-18 19:54:15,032 main DEBUG type.BasicTypeRegistry - Adding type registration byte[] -> org.hibernate.type.BinaryType@14fa86ae
2017-03-18 19:54:15,032 main DEBUG type.BasicTypeRegistry - Adding type registration [B -> org.hibernate.type.BinaryType@14fa86ae
2017-03-18 19:54:15,032 main DEBUG type.BasicTypeRegistry - Adding type registration [B -> org.hibernate.type.BinaryType@14fa86ae
2017-03-18 19:54:15,053 main DEBUG type.BasicTypeRegistry - Adding type registration wrapper-binary -> org.hibernate.type.WrapperBinaryType@5b3f61ff
2017-03-18 19:54:15,053 main DEBUG type.BasicTypeRegistry - Adding type registration wrapper-binary -> org.hibernate.type.WrapperBinaryType@5b3f61ff
2017-03-18 19:54:15,054 main DEBUG type.BasicTypeRegistry - Adding type registration Byte[] -> org.hibernate.type.WrapperBinaryType@5b3f61ff
2017-03-18 19:54:15,054 main DEBUG type.BasicTypeRegistry - Adding type registration Byte[] -> org.hibernate.type.WrapperBinaryType@5b3f61ff
2017-03-18 19:54:15,054 main DEBUG type.BasicTypeRegistry - Adding type registration [Ljava.lang.Byte; -> org.hibernate.type.WrapperBinaryType@5b3f61ff
2017-03-18 19:54:15,054 main DEBUG type.BasicTypeRegistry - Adding type registration [Ljava.lang.Byte; -> org.hibernate.type.WrapperBinaryType@5b3f61ff
2017-03-18 19:54:15,055 main DEBUG type.BasicTypeRegistry - Adding type registration image -> org.hibernate.type.ImageType@1b8a29df
2017-03-18 19:54:15,055 main DEBUG type.BasicTypeRegistry - Adding type registration image -> org.hibernate.type.ImageType@1b8a29df
2017-03-18 19:54:15,056 main DEBUG type.BasicTypeRegistry - Adding type registration characters -> org.hibernate.type.CharArrayType@1ef6d34c
2017-03-18 19:54:15,056 main DEBUG type.BasicTypeRegistry - Adding type registration characters -> org.hibernate.type.CharArrayType@1ef6d34c
2017-03-18 19:54:15,057 main DEBUG type.BasicTypeRegistry - Adding type registration char[] -> org.hibernate.type.CharArrayType@1ef6d34c
2017-03-18 19:54:15,057 main DEBUG type.BasicTypeRegistry - Adding type registration char[] -> org.hibernate.type.CharArrayType@1ef6d34c
2017-03-18 19:54:15,057 main DEBUG type.BasicTypeRegistry - Adding type registration [C -> org.hibernate.type.CharArrayType@1ef6d34c
2017-03-18 19:54:15,057 main DEBUG type.BasicTypeRegistry - Adding type registration [C -> org.hibernate.type.CharArrayType@1ef6d34c
2017-03-18 19:54:15,058 main DEBUG type.BasicTypeRegistry - Adding type registration wrapper-characters -> org.hibernate.type.CharacterArrayType@2a225dd7
2017-03-18 19:54:15,058 main DEBUG type.BasicTypeRegistry - Adding type registration wrapper-characters -> org.hibernate.type.CharacterArrayType@2a225dd7
2017-03-18 19:54:15,058 main DEBUG type.BasicTypeRegistry - Adding type registration [Ljava.lang.Character; -> org.hibernate.type.CharacterArrayType@2a225dd7
2017-03-18 19:54:15,058 main DEBUG type.BasicTypeRegistry - Adding type registration [Ljava.lang.Character; -> org.hibernate.type.CharacterArrayType@2a225dd7
2017-03-18 19:54:15,058 main DEBUG type.BasicTypeRegistry - Adding type registration Character[] -> org.hibernate.type.CharacterArrayType@2a225dd7
2017-03-18 19:54:15,058 main DEBUG type.BasicTypeRegistry - Adding type registration Character[] -> org.hibernate.type.CharacterArrayType@2a225dd7
2017-03-18 19:54:15,060 main DEBUG type.BasicTypeRegistry - Adding type registration text -> org.hibernate.type.TextType@616ac46a
2017-03-18 19:54:15,060 main DEBUG type.BasicTypeRegistry - Adding type registration text -> org.hibernate.type.TextType@616ac46a
2017-03-18 19:54:15,061 main DEBUG type.BasicTypeRegistry - Adding type registration ntext -> org.hibernate.type.NTextType@6337c201
2017-03-18 19:54:15,061 main DEBUG type.BasicTypeRegistry - Adding type registration ntext -> org.hibernate.type.NTextType@6337c201
2017-03-18 19:54:15,067 main DEBUG type.BasicTypeRegistry - Adding type registration blob -> org.hibernate.type.BlobType@6304101a
2017-03-18 19:54:15,067 main DEBUG type.BasicTypeRegistry - Adding type registration blob -> org.hibernate.type.BlobType@6304101a
2017-03-18 19:54:15,068 main DEBUG type.BasicTypeRegistry - Adding type registration java.sql.Blob -> org.hibernate.type.BlobType@6304101a
2017-03-18 19:54:15,068 main DEBUG type.BasicTypeRegistry - Adding type registration java.sql.Blob -> org.hibernate.type.BlobType@6304101a
2017-03-18 19:54:15,068 main DEBUG type.BasicTypeRegistry - Adding type registration materialized_blob -> org.hibernate.type.MaterializedBlobType@df6620a
2017-03-18 19:54:15,068 main DEBUG type.BasicTypeRegistry - Adding type registration materialized_blob -> org.hibernate.type.MaterializedBlobType@df6620a
2017-03-18 19:54:15,074 main DEBUG type.BasicTypeRegistry - Adding type registration clob -> org.hibernate.type.ClobType@5717c37
2017-03-18 19:54:15,074 main DEBUG type.BasicTypeRegistry - Adding type registration clob -> org.hibernate.type.ClobType@5717c37
2017-03-18 19:54:15,074 main DEBUG type.BasicTypeRegistry - Adding type registration java.sql.Clob -> org.hibernate.type.ClobType@5717c37
2017-03-18 19:54:15,074 main DEBUG type.BasicTypeRegistry - Adding type registration java.sql.Clob -> org.hibernate.type.ClobType@5717c37
2017-03-18 19:54:15,079 main DEBUG type.BasicTypeRegistry - Adding type registration nclob -> org.hibernate.type.NClobType@10f7f7de
2017-03-18 19:54:15,079 main DEBUG type.BasicTypeRegistry - Adding type registration nclob -> org.hibernate.type.NClobType@10f7f7de
2017-03-18 19:54:15,079 main DEBUG type.BasicTypeRegistry - Adding type registration java.sql.NClob -> org.hibernate.type.NClobType@10f7f7de
2017-03-18 19:54:15,079 main DEBUG type.BasicTypeRegistry - Adding type registration java.sql.NClob -> org.hibernate.type.NClobType@10f7f7de
2017-03-18 19:54:15,080 main DEBUG type.BasicTypeRegistry - Adding type registration materialized_clob -> org.hibernate.type.MaterializedClobType@4416d64f
2017-03-18 19:54:15,080 main DEBUG type.BasicTypeRegistry - Adding type registration materialized_clob -> org.hibernate.type.MaterializedClobType@4416d64f
2017-03-18 19:54:15,080 main DEBUG type.BasicTypeRegistry - Adding type registration materialized_nclob -> org.hibernate.type.MaterializedNClobType@732d0d24
2017-03-18 19:54:15,080 main DEBUG type.BasicTypeRegistry - Adding type registration materialized_nclob -> org.hibernate.type.MaterializedNClobType@732d0d24
2017-03-18 19:54:15,081 main DEBUG type.BasicTypeRegistry - Adding type registration serializable -> org.hibernate.type.SerializableType@18e36d14
2017-03-18 19:54:15,081 main DEBUG type.BasicTypeRegistry - Adding type registration serializable -> org.hibernate.type.SerializableType@18e36d14
2017-03-18 19:54:15,084 main DEBUG type.BasicTypeRegistry - Adding type registration object -> org.hibernate.type.ObjectType@5a9f4771
2017-03-18 19:54:15,084 main DEBUG type.BasicTypeRegistry - Adding type registration object -> org.hibernate.type.ObjectType@5a9f4771
2017-03-18 19:54:15,084 main DEBUG type.BasicTypeRegistry - Adding type registration java.lang.Object -> org.hibernate.type.ObjectType@5a9f4771
2017-03-18 19:54:15,084 main DEBUG type.BasicTypeRegistry - Adding type registration java.lang.Object -> org.hibernate.type.ObjectType@5a9f4771
2017-03-18 19:54:15,085 main DEBUG type.BasicTypeRegistry - Adding type registration imm_date -> org.hibernate.type.AdaptedImmutableType@48d61b48
2017-03-18 19:54:15,085 main DEBUG type.BasicTypeRegistry - Adding type registration imm_date -> org.hibernate.type.AdaptedImmutableType@48d61b48
2017-03-18 19:54:15,085 main DEBUG type.BasicTypeRegistry - Adding type registration imm_time -> org.hibernate.type.AdaptedImmutableType@68d279ec
2017-03-18 19:54:15,085 main DEBUG type.BasicTypeRegistry - Adding type registration imm_time -> org.hibernate.type.AdaptedImmutableType@68d279ec
2017-03-18 19:54:15,085 main DEBUG type.BasicTypeRegistry - Adding type registration imm_timestamp -> org.hibernate.type.AdaptedImmutableType@258d79be
2017-03-18 19:54:15,085 main DEBUG type.BasicTypeRegistry - Adding type registration imm_timestamp -> org.hibernate.type.AdaptedImmutableType@258d79be
2017-03-18 19:54:15,085 main DEBUG type.BasicTypeRegistry - Adding type registration imm_dbtimestamp -> org.hibernate.type.AdaptedImmutableType@14f9390f
2017-03-18 19:54:15,085 main DEBUG type.BasicTypeRegistry - Adding type registration imm_dbtimestamp -> org.hibernate.type.AdaptedImmutableType@14f9390f
2017-03-18 19:54:15,085 main DEBUG type.BasicTypeRegistry - Adding type registration imm_calendar -> org.hibernate.type.AdaptedImmutableType@6c0d7c83
2017-03-18 19:54:15,085 main DEBUG type.BasicTypeRegistry - Adding type registration imm_calendar -> org.hibernate.type.AdaptedImmutableType@6c0d7c83
2017-03-18 19:54:15,086 main DEBUG type.BasicTypeRegistry - Adding type registration imm_calendar_date -> org.hibernate.type.AdaptedImmutableType@176b75f7
2017-03-18 19:54:15,086 main DEBUG type.BasicTypeRegistry - Adding type registration imm_calendar_date -> org.hibernate.type.AdaptedImmutableType@176b75f7
2017-03-18 19:54:15,086 main DEBUG type.BasicTypeRegistry - Adding type registration imm_binary -> org.hibernate.type.AdaptedImmutableType@5965be2d
2017-03-18 19:54:15,086 main DEBUG type.BasicTypeRegistry - Adding type registration imm_binary -> org.hibernate.type.AdaptedImmutableType@5965be2d
2017-03-18 19:54:15,086 main DEBUG type.BasicTypeRegistry - Adding type registration imm_serializable -> org.hibernate.type.AdaptedImmutableType@409c54f
2017-03-18 19:54:15,086 main DEBUG type.BasicTypeRegistry - Adding type registration imm_serializable -> org.hibernate.type.AdaptedImmutableType@409c54f
2017-03-18 19:54:15,115 main WARN  orm.connections - HHH10001002: Using Hibernate built-in connection pool (not for production use!)
2017-03-18 19:54:15,115 main WARN  orm.connections - HHH10001002: Using Hibernate built-in connection pool (not for production use!)
2017-03-18 19:54:15,136 main INFO  orm.connections - HHH10001005: using driver [com.mysql.jdbc.Driver] at URL [jdbc:mysql://localhost:3306/JpaDb]
2017-03-18 19:54:15,136 main INFO  orm.connections - HHH10001005: using driver [com.mysql.jdbc.Driver] at URL [jdbc:mysql://localhost:3306/JpaDb]
2017-03-18 19:54:15,137 main INFO  orm.connections - HHH10001001: Connection properties: {user=root}
2017-03-18 19:54:15,137 main INFO  orm.connections - HHH10001001: Connection properties: {user=root}
2017-03-18 19:54:15,137 main INFO  orm.connections - HHH10001003: Autocommit mode: false
2017-03-18 19:54:15,137 main INFO  orm.connections - HHH10001003: Autocommit mode: false
2017-03-18 19:54:15,140 main DEBUG internal.DriverManagerConnectionProviderImpl - Initializing Connection pool with 1 Connections
2017-03-18 19:54:15,140 main DEBUG internal.DriverManagerConnectionProviderImpl - Initializing Connection pool with 1 Connections
2017-03-18 19:54:15,140 main INFO  internal.DriverManagerConnectionProviderImpl - HHH000115: Hibernate connection pool size: 20 (min=1)
2017-03-18 19:54:15,140 main INFO  internal.DriverManagerConnectionProviderImpl - HHH000115: Hibernate connection pool size: 20 (min=1)
2017-03-18 19:54:15,453 main WARN  support.ClassPathXmlApplicationContext - Exception encountered during context initialization - cancelling refresh attempt
org.springframework.beans.factory.BeanCreationException: Error creating bean with name 'entityManagerFactory' defined in class path resource [application-context.xml]: Invocation of init method failed; nested exception is org.hibernate.service.spi.ServiceException: Unable to create requested service [org.hibernate.engine.jdbc.env.spi.JdbcEnvironment]
	at org.springframework.beans.factory.support.AbstractAutowireCapableBeanFactory.initializeBean(AbstractAutowireCapableBeanFactory.java:1568)
	at org.springframework.beans.factory.support.AbstractAutowireCapableBeanFactory.doCreateBean(AbstractAutowireCapableBeanFactory.java:540)
	at org.springframework.beans.factory.support.AbstractAutowireCapableBeanFactory.createBean(AbstractAutowireCapableBeanFactory.java:476)
	at org.springframework.beans.factory.support.AbstractBeanFactory$1.getObject(AbstractBeanFactory.java:302)
	at org.springframework.beans.factory.support.DefaultSingletonBeanRegistry.getSingleton(DefaultSingletonBeanRegistry.java:229)
	at org.springframework.beans.factory.support.AbstractBeanFactory.doGetBean(AbstractBeanFactory.java:298)
	at org.springframework.beans.factory.support.AbstractBeanFactory.getBean(AbstractBeanFactory.java:193)
	at org.springframework.context.support.AbstractApplicationContext.getBean(AbstractApplicationContext.java:956)
	at org.springframework.context.support.AbstractApplicationContext.finishBeanFactoryInitialization(AbstractApplicationContext.java:747)
	at org.springframework.context.support.AbstractApplicationContext.refresh(AbstractApplicationContext.java:480)
	at org.springframework.context.support.ClassPathXmlApplicationContext.<init>(ClassPathXmlApplicationContext.java:139)
	at org.springframework.context.support.ClassPathXmlApplicationContext.<init>(ClassPathXmlApplicationContext.java:83)
	at com.atos.test.Main.main(Main.java:25)
Caused by: org.hibernate.service.spi.ServiceException: Unable to create requested service [org.hibernate.engine.jdbc.env.spi.JdbcEnvironment]
	at org.hibernate.service.internal.AbstractServiceRegistryImpl.createService(AbstractServiceRegistryImpl.java:244)
	at org.hibernate.service.internal.AbstractServiceRegistryImpl.initializeService(AbstractServiceRegistryImpl.java:208)
	at org.hibernate.service.internal.AbstractServiceRegistryImpl.getService(AbstractServiceRegistryImpl.java:189)
	at org.hibernate.engine.jdbc.internal.JdbcServicesImpl.configure(JdbcServicesImpl.java:51)
	at org.hibernate.boot.registry.internal.StandardServiceRegistryImpl.configureService(StandardServiceRegistryImpl.java:94)
	at org.hibernate.service.internal.AbstractServiceRegistryImpl.initializeService(AbstractServiceRegistryImpl.java:217)
	at org.hibernate.service.internal.AbstractServiceRegistryImpl.getService(AbstractServiceRegistryImpl.java:189)
	at org.hibernate.boot.model.process.spi.MetadataBuildingProcess.handleTypes(MetadataBuildingProcess.java:352)
	at org.hibernate.boot.model.process.spi.MetadataBuildingProcess.complete(MetadataBuildingProcess.java:111)
	at org.hibernate.jpa.boot.internal.EntityManagerFactoryBuilderImpl.metadata(EntityManagerFactoryBuilderImpl.java:847)
	at org.hibernate.jpa.boot.internal.EntityManagerFactoryBuilderImpl.build(EntityManagerFactoryBuilderImpl.java:874)
	at org.hibernate.jpa.HibernatePersistenceProvider.createContainerEntityManagerFactory(HibernatePersistenceProvider.java:135)
	at org.hibernate.ejb.HibernatePersistence.createContainerEntityManagerFactory(HibernatePersistence.java:50)
	at org.springframework.orm.jpa.LocalContainerEntityManagerFactoryBean.createNativeEntityManagerFactory(LocalContainerEntityManagerFactoryBean.java:341)
	at org.springframework.orm.jpa.AbstractEntityManagerFactoryBean.afterPropertiesSet(AbstractEntityManagerFactoryBean.java:318)
	at org.springframework.beans.factory.support.AbstractAutowireCapableBeanFactory.invokeInitMethods(AbstractAutowireCapableBeanFactory.java:1627)
	at org.springframework.beans.factory.support.AbstractAutowireCapableBeanFactory.initializeBean(AbstractAutowireCapableBeanFactory.java:1564)
	... 12 more
Caused by: org.hibernate.exception.SQLGrammarException: Error calling Driver#connect
	at org.hibernate.exception.internal.SQLStateConversionDelegate.convert(SQLStateConversionDelegate.java:106)
	at org.hibernate.engine.jdbc.connections.internal.BasicConnectionCreator$1$1.convert(BasicConnectionCreator.java:101)
	at org.hibernate.engine.jdbc.connections.internal.BasicConnectionCreator.convertSqlException(BasicConnectionCreator.java:123)
	at org.hibernate.engine.jdbc.connections.internal.DriverConnectionCreator.makeConnection(DriverConnectionCreator.java:41)
	at org.hibernate.engine.jdbc.connections.internal.BasicConnectionCreator.createConnection(BasicConnectionCreator.java:58)
	at org.hibernate.engine.jdbc.connections.internal.PooledConnections.addConnections(PooledConnections.java:106)
	at org.hibernate.engine.jdbc.connections.internal.PooledConnections.<init>(PooledConnections.java:40)
	at org.hibernate.engine.jdbc.connections.internal.PooledConnections.<init>(PooledConnections.java:19)
	at org.hibernate.engine.jdbc.connections.internal.PooledConnections$Builder.build(PooledConnections.java:138)
	at org.hibernate.engine.jdbc.connections.internal.DriverManagerConnectionProviderImpl.buildPool(DriverManagerConnectionProviderImpl.java:110)
	at org.hibernate.engine.jdbc.connections.internal.DriverManagerConnectionProviderImpl.configure(DriverManagerConnectionProviderImpl.java:74)
	at org.hibernate.boot.registry.internal.StandardServiceRegistryImpl.configureService(StandardServiceRegistryImpl.java:94)
	at org.hibernate.service.internal.AbstractServiceRegistryImpl.initializeService(AbstractServiceRegistryImpl.java:217)
	at org.hibernate.service.internal.AbstractServiceRegistryImpl.getService(AbstractServiceRegistryImpl.java:189)
	at org.hibernate.engine.jdbc.env.internal.JdbcEnvironmentInitiator.buildJdbcConnectionAccess(JdbcEnvironmentInitiator.java:145)
	at org.hibernate.engine.jdbc.env.internal.JdbcEnvironmentInitiator.initiateService(JdbcEnvironmentInitiator.java:66)
	at org.hibernate.engine.jdbc.env.internal.JdbcEnvironmentInitiator.initiateService(JdbcEnvironmentInitiator.java:35)
	at org.hibernate.boot.registry.internal.StandardServiceRegistryImpl.initiateService(StandardServiceRegistryImpl.java:88)
	at org.hibernate.service.internal.AbstractServiceRegistryImpl.createService(AbstractServiceRegistryImpl.java:234)
	... 28 more
Caused by: com.mysql.jdbc.exceptions.jdbc4.MySQLSyntaxErrorException: Unknown database 'jpadb'
	at sun.reflect.NativeConstructorAccessorImpl.newInstance0(Native Method)
	at sun.reflect.NativeConstructorAccessorImpl.newInstance(NativeConstructorAccessorImpl.java:62)
	at sun.reflect.DelegatingConstructorAccessorImpl.newInstance(DelegatingConstructorAccessorImpl.java:45)
	at java.lang.reflect.Constructor.newInstance(Constructor.java:423)
	at com.mysql.jdbc.Util.handleNewInstance(Util.java:389)
	at com.mysql.jdbc.Util.getInstance(Util.java:372)
	at com.mysql.jdbc.SQLError.createSQLException(SQLError.java:980)
	at com.mysql.jdbc.MysqlIO.checkErrorPacket(MysqlIO.java:3835)
	at com.mysql.jdbc.MysqlIO.checkErrorPacket(MysqlIO.java:3771)
	at com.mysql.jdbc.MysqlIO.checkErrorPacket(MysqlIO.java:870)
	at com.mysql.jdbc.MysqlIO.proceedHandshakeWithPluggableAuthentication(MysqlIO.java:1659)
	at com.mysql.jdbc.MysqlIO.doHandshake(MysqlIO.java:1206)
	at com.mysql.jdbc.ConnectionImpl.coreConnect(ConnectionImpl.java:2239)
	at com.mysql.jdbc.ConnectionImpl.connectOneTryOnly(ConnectionImpl.java:2270)
	at com.mysql.jdbc.ConnectionImpl.createNewIO(ConnectionImpl.java:2069)
	at com.mysql.jdbc.ConnectionImpl.<init>(ConnectionImpl.java:794)
	at com.mysql.jdbc.JDBC4Connection.<init>(JDBC4Connection.java:44)
	at sun.reflect.NativeConstructorAccessorImpl.newInstance0(Native Method)
	at sun.reflect.NativeConstructorAccessorImpl.newInstance(NativeConstructorAccessorImpl.java:62)
	at sun.reflect.DelegatingConstructorAccessorImpl.newInstance(DelegatingConstructorAccessorImpl.java:45)
	at java.lang.reflect.Constructor.newInstance(Constructor.java:423)
	at com.mysql.jdbc.Util.handleNewInstance(Util.java:389)
	at com.mysql.jdbc.ConnectionImpl.getInstance(ConnectionImpl.java:399)
	at com.mysql.jdbc.NonRegisteringDriver.connect(NonRegisteringDriver.java:325)
	at org.hibernate.engine.jdbc.connections.internal.DriverConnectionCreator.makeConnection(DriverConnectionCreator.java:38)
	... 43 more
